Unity Editor version:    2020.3.17f1 (a4537701e4ab)
Branch:                  2020.3/staging
Build type:              Release
Batch mode:              YES
macOS version:           Version 11.4 (Build 20F71)
Darwin version:          20.5.0
Architecture:            x86_64
Running under Rosetta:   NO
Available memory:        8192 MB
Using pre-set license
Pro License: NO

COMMAND LINE ARGUMENTS:
/Applications/Unity/Hub/Editor/2020.3.17f1/Unity.app/Contents/MacOS/Unity
-adb2
-batchMode
-noUpm
-name
AssetImportWorker0
-projectPath
/Users/mugisama/Desktop/unity勉強/StepAsideUnityChan
-logFile
Logs/AssetImportWorker0.log
-srvPort
55042
Successfully changed project path to: /Users/mugisama/Desktop/unity勉強/StepAsideUnityChan
/Users/mugisama/Desktop/unity勉強/StepAsideUnityChan
Using Asset Import Pipeline V2.
Refreshing native plugins compatible for Editor in 41.13 ms, found 2 plugins.
Preloading 0 native plugins for Editor in 0.00 ms.
Initialize engine version: 2020.3.17f1 (a4537701e4ab)
[Subsystems] Discovering subsystems at path /Applications/Unity/Hub/Editor/2020.3.17f1/Unity.app/Contents/Resources/UnitySubsystems
[Subsystems] Discovering subsystems at path /Users/mugisama/Desktop/unity勉強/StepAsideUnityChan/Assets
GfxDevice: creating device client; threaded=0
2021-09-29 15:29:13.803 Unity[7709:810389] Color LCD preferred device: Intel(R) Iris(TM) Plus Graphics 655 (low power)
2021-09-29 15:29:13.803 Unity[7709:810389] Metal devices available: 1
2021-09-29 15:29:13.803 Unity[7709:810389] 0: Intel(R) Iris(TM) Plus Graphics 655 (low power)
2021-09-29 15:29:13.804 Unity[7709:810389] Using device Intel(R) Iris(TM) Plus Graphics 655 (low power)
Initializing Metal device caps: Intel(R) Iris(TM) Plus Graphics 655
Initialize mono
Mono path[0] = '/Applications/Unity/Hub/Editor/2020.3.17f1/Unity.app/Contents/Managed'
Mono path[1] = '/Applications/Unity/Hub/Editor/2020.3.17f1/Unity.app/Contents/MonoBleedingEdge/lib/mono/unityjit'
Mono config path = '/Applications/Unity/Hub/Editor/2020.3.17f1/Unity.app/Contents/MonoBleedingEdge/etc'
Using monoOptions --debugger-agent=transport=dt_socket,embedding=1,server=y,suspend=n,address=127.0.0.1:56709
Begin MonoManager ReloadAssembly
Registering precompiled unity dll's ...
Register platform support module: /Applications/Unity/Hub/Editor/2020.3.17f1/Unity.app/Contents/PlaybackEngines/MacStandaloneSupport/UnityEditor.OSXStandalone.Extensions.dll
Registered in 0.003593 seconds.
Native extension for OSXStandalone target not found
Refreshing native plugins compatible for Editor in 38.09 ms, found 2 plugins.
Preloading 0 native plugins for Editor in 0.00 ms.
Mono: successfully reloaded assembly
- Completed reload, in  2.795 seconds
Domain Reload Profiling:
	ReloadAssembly (2796ms)
		BeginReloadAssembly (54ms)
			ExecutionOrderSort (0ms)
			DisableScriptedObjects (0ms)
			BackupInstance (0ms)
			ReleaseScriptingObjects (0ms)
			CreateAndSetChildDomain (1ms)
		EndReloadAssembly (620ms)
			LoadAssemblies (54ms)
			RebuildTransferFunctionScriptingTraits (0ms)
			SetupTypeCache (237ms)
			ReleaseScriptCaches (0ms)
			RebuildScriptCaches (59ms)
			SetupLoadedEditorAssemblies (251ms)
				LogAssemblyErrors (0ms)
				InitializePlatformSupportModulesInManaged (5ms)
				SetLoadedEditorAssemblies (0ms)
				RefreshPlugins (38ms)
				BeforeProcessingInitializeOnLoad (41ms)
				ProcessInitializeOnLoadAttributes (127ms)
				ProcessInitializeOnLoadMethodAttributes (39ms)
				AfterProcessingInitializeOnLoad (0ms)
				EditorAssembliesLoaded (0ms)
			ExecutionOrderSort2 (0ms)
			AwakeInstancesAfterBackupRestoration (0ms)
Platform modules already initialized, skipping
Registering precompiled user dll's ...
Registered in 0.007542 seconds.
Begin MonoManager ReloadAssembly
Native extension for OSXStandalone target not found
Refreshing native plugins compatible for Editor in 0.49 ms, found 2 plugins.
Preloading 0 native plugins for Editor in 0.00 ms.
Mono: successfully reloaded assembly
- Completed reload, in  1.672 seconds
Domain Reload Profiling:
	ReloadAssembly (1674ms)
		BeginReloadAssembly (225ms)
			ExecutionOrderSort (0ms)
			DisableScriptedObjects (7ms)
			BackupInstance (0ms)
			ReleaseScriptingObjects (0ms)
			CreateAndSetChildDomain (46ms)
		EndReloadAssembly (1364ms)
			LoadAssemblies (120ms)
			RebuildTransferFunctionScriptingTraits (0ms)
			SetupTypeCache (425ms)
			ReleaseScriptCaches (0ms)
			RebuildScriptCaches (84ms)
			SetupLoadedEditorAssemblies (583ms)
				LogAssemblyErrors (0ms)
				InitializePlatformSupportModulesInManaged (7ms)
				SetLoadedEditorAssemblies (1ms)
				RefreshPlugins (1ms)
				BeforeProcessingInitializeOnLoad (96ms)
				ProcessInitializeOnLoadAttributes (470ms)
				ProcessInitializeOnLoadMethodAttributes (6ms)
				AfterProcessingInitializeOnLoad (2ms)
				EditorAssembliesLoaded (0ms)
			ExecutionOrderSort2 (0ms)
			AwakeInstancesAfterBackupRestoration (9ms)
Platform modules already initialized, skipping
Validating Project structure ... 0.006591 seconds.
Shader import version has changed; will reimport all shaders...
Upgrading shader files ...0.020780 seconds.
Application.AssetDatabase Initial Script Refresh Start
RefreshInfo: InitialScriptRefreshV2(NoUpdateAssetOptions) scanfilter:  ... 1 filters
RefreshProfiler: Total: 0.000ms
Application.AssetDatabase Initial Script Refresh End
Application.AssetDatabase.Refresh Start
Application.AssetDatabase.Refresh End
RefreshInfo: StopAssetImportingV2(ForceSynchronousImport) scanfilter: 
RefreshProfiler: Total: 0.000ms
Launching external process: /Applications/Unity/Hub/Editor/2020.3.17f1/Unity.app/Contents/Tools/UnityShaderCompiler
Launched and connected shader compiler UnityShaderCompiler after 0.02 seconds
Initializing Unity extensions:
========================================================================
Worker process is ready to serve import requests
Refreshing native plugins compatible for Editor in 0.42 ms, found 2 plugins.
Preloading 0 native plugins for Editor in 0.00 ms.
Unloading 1423 Unused Serialized files (Serialized files now loaded: 0)
System memory in use before: 170.3 MB.
System memory in use after: 169.5 MB.

Unloading 91 unused Assets to reduce memory usage. Loaded Objects now: 1897.
Total: 4.254570 ms (FindLiveObjects: 0.274610 ms CreateObjectMapping: 0.064623 ms MarkObjects: 3.308229 ms  DeleteObjects: 0.605809 ms)

AssetImportParameters requested are different than current active one (requested -> active):
  custom:video-decoder-ogg-theora: a1e56fd34408186e4bbccfd4996cb3dc -> 
  custom:container-muxer-webm: aa71ff27fc2769a1b78a27578f13a17b -> 
  custom:container-demuxer-webm: 4f35f7cbe854078d1ac9338744f61a02 -> 
  custom:container-demuxer-ogg: 62fdf1f143b41e24485cea50d1cbac27 -> 
  custom:video-encoder-webm-vp8: eb34c28f22e8b96e1ab97ce403110664 -> 
  custom:framework-osx-AVFoundation: e770b220cccbd017edd2c1fefb359320 -> 
  custom:video-decoder-webm-vp8: 9c59270c3fd7afecdb556c50c9e8de78 -> 
  custom:audio-decoder-ogg-vorbis: bf7c407c2cedff20999df2af8eb42d56 -> 
  custom:audio-encoder-webm-vorbis: bf7c407c2cedff20999df2af8eb42d56 -> 
========================================================================
Received Import Request.
  path: Assets/unity-chan!/Unity-chan! Model
  artifactKey: Guid(6395fe2434a22ef41b83186b290f8fab) Importer(815301076,1909f56bfc062723c751e8b465ee728b)
Start importing Assets/unity-chan!/Unity-chan! Model using Guid(6395fe2434a22ef41b83186b290f8fab) Importer(815301076,1909f56bfc062723c751e8b465ee728b)  -> (artifact id: '4da1c6fc935fe302be838b1c133b3a4e') in 0.009846 seconds 
  Import took 0.013583 seconds .

========================================================================
Received Import Request.
  Time since last request: 245.176109 seconds.
  path: Assets/CartoonCarFree
  artifactKey: Guid(683bc69cc817844b0b7516eeb4bc4053) Importer(815301076,1909f56bfc062723c751e8b465ee728b)
Start importing Assets/CartoonCarFree using Guid(683bc69cc817844b0b7516eeb4bc4053) Importer(815301076,1909f56bfc062723c751e8b465ee728b)  -> (artifact id: 'f142ae6aab02a0fe00e9d7bd79ea8b2e') in 0.001285 seconds 
  Import took 0.004367 seconds .

========================================================================
Received Import Request.
  Time since last request: 15.725750 seconds.
  path: Assets/City Props Pack
  artifactKey: Guid(fa4a859c199f948bca2b4aed908b478e) Importer(815301076,1909f56bfc062723c751e8b465ee728b)
Start importing Assets/City Props Pack using Guid(fa4a859c199f948bca2b4aed908b478e) Importer(815301076,1909f56bfc062723c751e8b465ee728b)  -> (artifact id: '6c3de6b0c115258a1efa46fb38461157') in 0.001426 seconds 
  Import took 0.005159 seconds .

========================================================================
Received Import Request.
  Time since last request: 1167.490174 seconds.
  path: Assets/City Props Pack/Prefabs
  artifactKey: Guid(9d85d18a6f30b479db3d512aa1736996) Importer(815301076,1909f56bfc062723c751e8b465ee728b)
Start importing Assets/City Props Pack/Prefabs using Guid(9d85d18a6f30b479db3d512aa1736996) Importer(815301076,1909f56bfc062723c751e8b465ee728b)  -> (artifact id: '150e5946ba4087a66e549c0e1e0519b5') in 0.003732 seconds 
  Import took 0.010448 seconds .

========================================================================
Received Import Request.
  Time since last request: 0.712608 seconds.
  path: Assets/City Props Pack/Prefabs/Traffic cone.prefab
  artifactKey: Guid(dc7effc448ee647fea43e6c8787f2b24) Importer(815301076,1909f56bfc062723c751e8b465ee728b)
Start importing Assets/City Props Pack/Prefabs/Traffic cone.prefab using Guid(dc7effc448ee647fea43e6c8787f2b24) Importer(815301076,1909f56bfc062723c751e8b465ee728b)  -> (artifact id: 'c386fa12ef9a6d35eef2a46a350452fd') in 1.596526 seconds 
  Import took 1.600651 seconds .

========================================================================
Received Import Request.
  Time since last request: 2785.735514 seconds.
  path: Assets/City Props Pack/Textures/Diffuse
  artifactKey: Guid(c176a42cb14b445f7893472dbc9a7fe5) Importer(815301076,1909f56bfc062723c751e8b465ee728b)
Start importing Assets/City Props Pack/Textures/Diffuse using Guid(c176a42cb14b445f7893472dbc9a7fe5) Importer(815301076,1909f56bfc062723c751e8b465ee728b)  -> (artifact id: '399ee5f9eb38a075b95aa7910827ebb1') in 0.005026 seconds 
  Import took 0.031200 seconds .

========================================================================
Received Import Request.
  Time since last request: 1.851889 seconds.
  path: Assets/City Props Pack/Textures/Diffuse/cone_tex.png
  artifactKey: Guid(0f081fa90cd7e41debc368dbdb292993) Importer(815301076,1909f56bfc062723c751e8b465ee728b)
Start importing Assets/City Props Pack/Textures/Diffuse/cone_tex.png using Guid(0f081fa90cd7e41debc368dbdb292993) Importer(815301076,1909f56bfc062723c751e8b465ee728b)  -> (artifact id: 'b5ed8ecdfbcc48a35ea22bdfc41f5b43') in 0.926702 seconds 
  Import took 0.930252 seconds .

